[38;5;226m
	Reading directories/files, please wait...

[38;5;255mVolume in drive H has no label.[0m
[38;5;255mVolume Serial Number is 60A9-5608[0m
[38;5;244m[0m
[38;5;99m[38;5;255mDirectory of[38;5;99m h:\Users\emues\PycharmProjects\cdir[0m
[38;5;244m[0m
[38;5;99m         Wed 10/22/2025  10:11 PM    <DIR>          __pycache__	[38;5;244mÄÄÄ[38;5;255md[38;5;244mÄÄÄÄÄÄ[38;5;255mi[38;5;244mÄÄÄÄÄ[0m[0m
[38;5;99m         Wed 09/24/2025  09:58 PM    <DIR>          build	[38;5;244mÄÄÄ[38;5;255md[38;5;244mÄÄÄÄÄÄ[38;5;255mi[38;5;244mÄÄÄÄÄ[0m[0m
[38;5;99m         Fri 09/26/2025  07:30 AM    <DIR>          dist	[38;5;244mÄÄÄ[38;5;255md[38;5;244mÄÄÄÄÄÄ[38;5;255mi[38;5;244mÄÄÄÄÄ[0m[0m
[38;5;99m         Wed 10/15/2025  01:43 PM    <DIR>          .benchmarks	[38;5;244mÄÄÄ[38;5;255md[38;5;244mÄÄÄÄÄÄ[38;5;255mi[38;5;244mÄÄÄÄÄ[0m[0m
[38;5;99m         Mon 11/10/2025  10:59 PM    <DIR>          .idea	[38;5;244mÄÄÄ[38;5;255md[38;5;244mÄÄÄÄÄÄ[38;5;255mi[38;5;244mÄÄÄÄÄ[0m[0m
[38;5;99m         Wed 10/22/2025  10:13 PM    <DIR>          .pytest_cache	[38;5;244mÄÄÄ[38;5;255md[38;5;244mÄÄÄÄÄÄ[38;5;255mi[38;5;244mÄÄÄÄÄ[0m[0m
[38;5;99m         Mon 09/22/2025  08:27 PM    <DIR>          .venv	[38;5;244mÄÄÄ[38;5;255md[38;5;244mÄÄÄÄÄÄ[38;5;255mi[38;5;244mÄÄÄÄÄ[0m[0m
[38;5;46m-(  1)-> Mon 09/30/2024  12:12 AM                26 act.bat                                   [38;5;255mr}[38;5;46m([38;5;244mbatfile[38;5;46m=[38;5;244m"%1" %*[38;5;46m)[0m	[38;5;244m°°°°[38;5;255ma[38;5;244m°°°°°[38;5;255mi[38;5;244m°°°°°[0m[0m
[38;5;46m-(  2)-> Mon 09/30/2024  12:12 AM                28 dct.bat                                   [38;5;255mr}[38;5;46m([38;5;244mbatfile[38;5;46m=[38;5;244m"%1" %*[38;5;46m)[0m	[38;5;244m°°°°[38;5;255ma[38;5;244m°°°°°[38;5;255mi[38;5;244m°°°°°[0m[0m
[38;5;46m-(  3)-> Thu 10/16/2025  10:40 PM               830 make_list.bat                             [38;5;255mr}[38;5;46m([38;5;244mbatfile[38;5;46m=[38;5;244m"%1" %*[38;5;46m)[0m	[38;5;244m°°°°[38;5;255ma[38;5;244m°°°°°[38;5;255mi[38;5;244m°°°°°[0m[0m
[38;5;46m-(  4)-> Sat 09/13/2025  04:18 AM             1,005 ub.bat                                    [38;5;255mr}[38;5;46m([38;5;244mbatfile[38;5;46m=[38;5;244m"%1" %*[38;5;46m)[0m	[38;5;244m°°°°[38;5;255ma[38;5;244m°°°°°[38;5;255mi[38;5;244m°°°°°[0m[0m
[38;5;46m-(  5)-> Thu 06/12/2025  01:31 AM               985 ub2.bat                                   [38;5;255mr}[38;5;46m([38;5;244mbatfile[38;5;46m=[38;5;244m"%1" %*[38;5;46m)[0m	[38;5;244m°°°°[38;5;255ma[38;5;244m°°°°°[38;5;255mi[38;5;244m°°°°°[0m[0m
[38;5;88m-(  6)-> Wed 04/11/2018  06:36 PM                92 win.ini                                   [38;5;255mr}[38;5;88m([38;5;244mAppX...8jhkqx[38;5;88m=[38;5;244m"C:\...Notepad_11.2507.26.0_x64__8wekyb3d8bbwe\Notepad\Notepad.exe"[38;5;88m)[0m	[38;5;244m°°°°[38;5;255ma[38;5;244m°°°°°[38;5;255mi[38;5;244m°°°°°[0m[0m
[38;5;22m-(  7)-> Tue 11/11/2025  01:52 PM                 0 delme.log                                 [38;5;255mr}[38;5;22m([38;5;244mAppX...58b8fw[38;5;22m=[38;5;244m"C:\...Notepad_11.2507.26.0_x64__8wekyb3d8bbwe\Notepad\Notepad.exe"[38;5;22m)[0m	[38;5;244m°°°°[38;5;255ma[38;5;244m°°°°°[38;5;255mi[38;5;244m°°°°°[0m[0m
[38;5;33m-(  8)-> Tue 11/11/2025  01:52 PM           113,455 cdir.py                                   [38;5;255mr}[38;5;33m([38;5;244mPython.File[38;5;33m=[38;5;244m"C:\Windows\py.exe" "%L" %*[38;5;33m)[0m	[38;5;244m°°°°[38;5;255ma[38;5;244m°°°°°[38;5;255mi[38;5;244m°°°°°[0m[0m
[38;5;33m-(  9)-> Tue 10/28/2025  06:05 AM             4,222 test_py_CDir.py                           [38;5;255mr}[38;5;33m([38;5;244mPython.File[38;5;33m=[38;5;244m"C:\Windows\py.exe" "%L" %*[38;5;33m)[0m	[38;5;244m°°°°[38;5;255ma[38;5;244m°°°°°[38;5;255mi[38;5;244m°°°°°[0m[0m
[38;5;244m-( 10)-> Fri 09/26/2025  07:29 AM               694 cdir.spec                                 [38;5;255m[38;5;244m([38;5;244m.spec[38;5;250m=[38;5;244m<undefined>[38;5;244m)[0m	[38;5;244m°°°°[38;5;255ma[38;5;244m°°°°°[38;5;255mi[38;5;244m°°°°°[0m[0m
[38;5;22m-( 11)-> Thu 10/16/2025  04:49 PM               372 delme.txt                                 [38;5;255mra}[38;5;22m([38;5;244mtxtfilelegacy[38;5;22m=[38;5;244m"C:\...Notepad_11.2507.26.0_x64__8wekyb3d8bbwe\Notepad\Notepad.exe"[38;5;22m)[0m	[38;5;244m°°°°[38;5;255ma[38;5;244m°°°°°[38;5;255mi[38;5;244m°°°°°[0m[0m
[38;5;22m-( 12)-> Wed 10/15/2025  03:14 PM            65,677 ftype.txt                                 [38;5;255mra}[38;5;22m([38;5;244mtxtfilelegacy[38;5;22m=[38;5;244m"C:\...Notepad_11.2507.26.0_x64__8wekyb3d8bbwe\Notepad\Notepad.exe"[38;5;22m)[0m	[38;5;244m°°°°[38;5;255ma[38;5;244m°°°°°[38;5;255mi[38;5;244m°°°°°[0m[0m
[38;5;22m-( 13)-> Sat 10/18/2025  03:04 PM             4,717 logic.txt                                 [38;5;255mra}[38;5;22m([38;5;244mtxtfilelegacy[38;5;22m=[38;5;244m"C:\...Notepad_11.2507.26.0_x64__8wekyb3d8bbwe\Notepad\Notepad.exe"[38;5;22m)[0m	[38;5;244m°°°°[38;5;255ma[38;5;244m°°°°°[38;5;255mi[38;5;244m°°°°°[0m[0m
[38;5;22m-( 14)-> Fri 09/26/2025  04:27 AM               300 requirements.txt                          [38;5;255mra}[38;5;22m([38;5;244mtxtfilelegacy[38;5;22m=[38;5;244m"C:\...Notepad_11.2507.26.0_x64__8wekyb3d8bbwe\Notepad\Notepad.exe"[38;5;22m)[0m	[38;5;244m°°°°[38;5;255ma[38;5;244m°°°°°[38;5;255mi[38;5;244m°°°°°[0m[0m
[38;5;255m	14 File(s)        192,403 bytes[0m
[38;5;255m	9 Dir(s)  291,906,273,280 bytes free[0m

[38;5;226mAll extensions encountered [[38;5;46m6 unique[38;5;226m] are as follows:
[0m
	[38;5;244m          2,874 -> (      5) [38;5;196m-> [38;5;226m.bat[38;5;196m: 	[38;5;46m[38;5;255mr][38;5;46mbatfile[38;5;196m=[38;5;46m"%1" %*[0m
	[38;5;244m             92 -> (      1) [38;5;196m-> [38;5;226m.ini[38;5;196m: 	[38;5;88m[38;5;255mr][38;5;88mAppX...8jhkqx[38;5;196m=[38;5;88m"C:\...Notepad_11.2507.26.0_x64__8wekyb3d8bbwe\Notepad\Notepad.exe"[0m
	[38;5;244m              0 -> (      1) [38;5;196m-> [38;5;226m.log[38;5;196m: 	[38;5;22m[38;5;255mr][38;5;22mAppX...58b8fw[38;5;196m=[38;5;22m"C:\...Notepad_11.2507.26.0_x64__8wekyb3d8bbwe\Notepad\Notepad.exe"[0m
	[38;5;244m        117,677 -> (      2) [38;5;196m-> [38;5;226m.py[38;5;196m: 	[38;5;33m[38;5;255mr][38;5;33mPython.File[38;5;196m=[38;5;33m"C:\Windows\py.exe" "%L" %*[0m
	[38;5;244m            694 -> (      1) [38;5;196m-> [38;5;226m.spec[38;5;196m: 	[38;5;244m.spec[38;5;196m=[38;5;244m<undefined>[0m
	[38;5;244m         71,066 -> (      4) [38;5;196m-> [38;5;226m.txt[38;5;196m: 	[38;5;22m[38;5;255ma][38;5;22m[38;5;255mr][38;5;22mtxtfilelegacy[38;5;196m=[38;5;22m"C:\...Notepad_11.2507.26.0_x64__8wekyb3d8bbwe\Notepad\Notepad.exe"[0m

	[38;5;196mExt. file counts:	
	      [38;5;226m        5 [38;5;244m-> [38;5;255m.bat [38;5;244m 
	      [38;5;226m        4 [38;5;244m-> [38;5;255m.txt [38;5;244m 
	      [38;5;226m        2 [38;5;244m-> [38;5;255m.py [38;5;244m 
	      [38;5;226m        1 [38;5;244m-> [38;5;255m.ini[38;5;161m, [38;5;255m.log[38;5;161m, [38;5;255m.spec [38;5;244m
	      [38;5;255m---------
	      [38;5;226m       14 [38;5;88m->[38;5;255m Total file(s) w/extension[0m

	[38;5;196mExt. by size:
	[38;5;226m          117,677 [38;5;244m-> [38;5;255m.py [38;5;244m------> ([38;5;244m2[38;5;244m)[0m  
	[38;5;226m           71,066 [38;5;244m-> [38;5;255m.txt [38;5;244m-----> ([38;5;244m4[38;5;244m)[0m  
	[38;5;226m            2,874 [38;5;244m-> [38;5;255m.bat [38;5;244m-----> ([38;5;244m5[38;5;244m)[0m  
	[38;5;226m              694 [38;5;244m-> [38;5;255m.spec [38;5;244m----> ([38;5;244m1[38;5;244m)[0m  
	[38;5;226m               92 [38;5;244m-> [38;5;255m.ini [38;5;244m-----> ([38;5;244m1[38;5;244m)[0m  
	[38;5;226m                0 [38;5;244m-> [38;5;255m.log [38;5;244m-----> ([38;5;244m1[38;5;244m)[0m
			     [38;5;255m---------
			     [38;5;255m6 [38;5;88m-> [38;5;255mTotal unique extension(s)[0m
	[38;5;255m-----------------
	[38;5;226m          192,403[38;5;88m ->[38;5;255m Total size (bytes)[0m
[0m
